0 silly argv {
0 silly argv   _: [ 'run' ],
0 silly argv   lernaVersion: '8.2.4',
0 silly argv   '$0': '/Users/naveensingh/NeuralKey/node_modules/.bin/lerna',
0 silly argv   script: 'build'
0 silly argv }
1 notice cli v8.2.4
2 verbose packageConfigs Explicit "packages" configuration found in lerna.json. Resolving packages using the configured glob(s): ["packages/*"]
3 verbose rootPath /Users/naveensingh/NeuralKey
4 error - packages/sdk-core/package.json: Error: ColonExpected in /Users/naveensingh/NeuralKey/packages/sdk-core/package.json at 14:111
4 error     12 |     "@noble/hashes": "^1.4.0",
4 error     13 |     "ethers": "^6.12.1",
4 error   > 14 |     "// NOTE: shamir-secret-sharing is pinned to an old version. Newer versions could not be resolved by npm.",
4 error        |                                                                                                               ^
4 error     15 |     "shamir-secret-sharing": "0.0.4"
4 error     16 |   },
4 error     17 |   "devDependencies": {
4 error
4 error       at parseJson (/Users/naveensingh/NeuralKey/node_modules/nx/src/utils/json.js:29:15)
4 error       at readJsonFile (/Users/naveensingh/NeuralKey/node_modules/nx/src/utils/fileutils.js:32:37)
4 error       at createNodeFromPackageJson (/Users/naveensingh/NeuralKey/node_modules/nx/src/plugins/package-json/create-nodes.js:83:47)
4 error       at /Users/naveensingh/NeuralKey/node_modules/nx/src/plugins/package-json/create-nodes.js:40:20
4 error       at /Users/naveensingh/NeuralKey/node_modules/nx/src/project-graph/plugins/utils.js:10:33
4 error       at Array.map (<anonymous>)
4 error       at createNodesFromFiles (/Users/naveensingh/NeuralKey/node_modules/nx/src/project-graph/plugins/utils.js:8:35)
4 error       at exports.createNodesV2 (/Users/naveensingh/NeuralKey/node_modules/nx/src/plugins/package-json/create-nodes.js:33:51)
4 error       at LoadedNxPlugin.createNodes (/Users/naveensingh/NeuralKey/node_modules/nx/src/project-graph/plugins/loaded-nx-plugin.js:26:65)
